2020-03-28 07:36:58.741 [http-nio-80-exec-9] INFO  com.my.blog.website.controller.admin.IndexController - Enter admin index method
2020-03-28 07:36:58.741 [http-nio-80-exec-9] DEBUG com.my.blog.website.service.impl.SiteServiceImpl - Enter recentComments method:limit=5
2020-03-28 07:36:58.779 [http-nio-80-exec-9] DEBUG com.my.blog.website.service.impl.SiteServiceImpl - Exit recentComments method
2020-03-28 07:36:58.779 [http-nio-80-exec-9] DEBUG com.my.blog.website.service.impl.SiteServiceImpl - Enter recentContents method
2020-03-28 07:36:58.800 [http-nio-80-exec-9] DEBUG com.my.blog.website.service.impl.SiteServiceImpl - Exit recentContents method
2020-03-28 07:36:58.800 [http-nio-80-exec-9] DEBUG com.my.blog.website.service.impl.SiteServiceImpl - Enter getStatistics method
2020-03-28 07:36:58.819 [http-nio-80-exec-9] DEBUG com.my.blog.website.service.impl.SiteServiceImpl - Exit getStatistics method
2020-03-28 07:36:58.819 [http-nio-80-exec-9] DEBUG com.my.blog.website.service.impl.LogServiceImpl - Enter getLogs method:page=1,linit=5
2020-03-28 07:36:58.826 [http-nio-80-exec-9] DEBUG com.my.blog.website.service.impl.LogServiceImpl - Exit getLogs method
2020-03-28 07:36:58.826 [http-nio-80-exec-9] INFO  com.my.blog.website.controller.admin.IndexController - Exit admin index method
2020-03-28 07:39:51.820 [http-nio-80-exec-6] INFO  com.my.blog.website.controller.admin.IndexController - Enter admin index method
2020-03-28 07:39:51.820 [http-nio-80-exec-6] DEBUG com.my.blog.website.service.impl.SiteServiceImpl - Enter recentComments method:limit=5
2020-03-28 07:39:51.859 [http-nio-80-exec-6] DEBUG com.my.blog.website.service.impl.SiteServiceImpl - Exit recentComments method
2020-03-28 07:39:51.859 [http-nio-80-exec-6] DEBUG com.my.blog.website.service.impl.SiteServiceImpl - Enter recentContents method
2020-03-28 07:39:51.878 [http-nio-80-exec-6] DEBUG com.my.blog.website.service.impl.SiteServiceImpl - Exit recentContents method
2020-03-28 07:39:51.878 [http-nio-80-exec-6] DEBUG com.my.blog.website.service.impl.SiteServiceImpl - Enter getStatistics method
2020-03-28 07:39:51.895 [http-nio-80-exec-6] DEBUG com.my.blog.website.service.impl.SiteServiceImpl - Exit getStatistics method
2020-03-28 07:39:51.896 [http-nio-80-exec-6] DEBUG com.my.blog.website.service.impl.LogServiceImpl - Enter getLogs method:page=1,linit=5
2020-03-28 07:39:51.904 [http-nio-80-exec-6] DEBUG com.my.blog.website.service.impl.LogServiceImpl - Exit getLogs method
2020-03-28 07:39:51.904 [http-nio-80-exec-6] INFO  com.my.blog.website.controller.admin.IndexController - Exit admin index method
2020-03-28 07:46:57.106 [http-nio-80-exec-2] INFO  com.my.blog.website.controller.admin.IndexController - Enter admin index method
2020-03-28 07:46:57.107 [http-nio-80-exec-2] DEBUG com.my.blog.website.service.impl.SiteServiceImpl - Enter recentComments method:limit=5
2020-03-28 07:46:57.188 [http-nio-80-exec-2] DEBUG com.my.blog.website.service.impl.SiteServiceImpl - Exit recentComments method
2020-03-28 07:46:57.188 [http-nio-80-exec-2] DEBUG com.my.blog.website.service.impl.SiteServiceImpl - Enter recentContents method
2020-03-28 07:46:57.209 [http-nio-80-exec-2] DEBUG com.my.blog.website.service.impl.SiteServiceImpl - Exit recentContents method
2020-03-28 07:46:57.209 [http-nio-80-exec-2] DEBUG com.my.blog.website.service.impl.SiteServiceImpl - Enter getStatistics method
2020-03-28 07:46:57.228 [http-nio-80-exec-2] DEBUG com.my.blog.website.service.impl.SiteServiceImpl - Exit getStatistics method
2020-03-28 07:46:57.229 [http-nio-80-exec-2] DEBUG com.my.blog.website.service.impl.LogServiceImpl - Enter getLogs method:page=1,linit=5
2020-03-28 07:46:57.237 [http-nio-80-exec-2] DEBUG com.my.blog.website.service.impl.LogServiceImpl - Exit getLogs method
2020-03-28 07:46:57.237 [http-nio-80-exec-2] INFO  com.my.blog.website.controller.admin.IndexController - Exit admin index method
